This file contains any messages produced by compilers while
running configure, to aid debugging if configure makes a mistake.

It was created by configure, which was
generated by GNU Autoconf 2.59.  Invocation command line was

  $ ./configure 

## --------- ##
## Platform. ##
## --------- ##

hostname = lars
uname -m = i686
uname -r = 2.6.29.4-default
uname -s = Linux
uname -v = #1 SMP Thu May 21 18:14:35 CEST 2009

/usr/bin/uname -p = unknown
/bin/uname -X     = unknown

/bin/arch              = i686
/usr/bin/arch -k       = unknown
/usr/convex/getsysinfo = unknown
hostinfo               = unknown
/bin/machine           = unknown
/usr/bin/oslevel       = unknown
/bin/universe          = unknown

PATH: /opt/kde3/bin
PATH: /home/lars/bin
PATH: /usr/local/bin
PATH: /usr/bin
PATH: /bin
PATH: /usr/bin/X11
PATH: /usr/X11R6/bin
PATH: /usr/games
PATH: /opt/cross/bin
PATH: /usr/lib/jvm/jre/bin
PATH: /opt/avr32-linux/bin
PATH: /opt/arm-linux/bin
PATH: /usr/lib/mit/bin
PATH: /usr/lib/mit/sbin
PATH: /usr/lib/qt3/bin


## ----------- ##
## Core tests. ##
## ----------- ##

configure:1296: checking for gawk
configure:1312: found /usr/bin/gawk
configure:1322: result: gawk
configure:1378: checking for gcc
configure:1394: found /usr/bin/gcc
configure:1404: result: gcc
configure:1648: checking for C compiler version
configure:1651: gcc --version </dev/null >&5
gcc (SUSE Linux) 4.3.1 20080507 (prerelease) [gcc-4_3-branch revision 135036]
Copyright (C) 2008 Free Software Foundation, Inc.
This is free software; see the source for copying conditions.  There is NO
warranty; not even for MERCHANTABILITY or FITNESS FOR A PARTICULAR PURPOSE.

configure:1654: $? = 0
configure:1656: gcc -v </dev/null >&5
Using built-in specs.
Target: i586-suse-linux
Configured with: ../configure --prefix=/usr --with-local-prefix=/usr/local --infodir=/usr/share/info --mandir=/usr/share/man --libdir=/usr/lib --libexecdir=/usr/lib --enable-languages=c,c++,objc,fortran,obj-c++,java,ada --enable-checking=release --with-gxx-include-dir=/usr/include/c++/4.3 --enable-ssp --disable-libssp --with-bugurl=http://bugs.opensuse.org/ --with-pkgversion='SUSE Linux' --disable-libgcj --with-slibdir=/lib --with-system-zlib --enable-__cxa_atexit --enable-libstdcxx-allocator=new --disable-libstdcxx-pch --program-suffix=-4.3 --enable-version-specific-runtime-libs --enable-linux-futex --without-system-libunwind --with-cpu=generic --build=i586-suse-linux
Thread model: posix
gcc version 4.3.1 20080507 (prerelease) [gcc-4_3-branch revision 135036] (SUSE Linux) 
configure:1659: $? = 0
configure:1661: gcc -V </dev/null >&5
gcc: '-V' option must have argument
configure:1664: $? = 1
configure:1687: checking for C compiler default output file name
configure:1690: gcc    conftest.c  >&5
configure:1693: $? = 0
configure:1739: result: a.out
configure:1744: checking whether the C compiler works
configure:1750: ./a.out
configure:1753: $? = 0
configure:1770: result: yes
configure:1777: checking whether we are cross compiling
configure:1779: result: no
configure:1782: checking for suffix of executables
configure:1784: gcc -o conftest    conftest.c  >&5
configure:1787: $? = 0
configure:1812: result: 
configure:1818: checking for suffix of object files
configure:1839: gcc -c   conftest.c >&5
configure:1842: $? = 0
configure:1864: result: o
configure:1868: checking whether we are using the GNU C compiler
configure:1892: gcc -c   conftest.c >&5
configure:1898: $? = 0
configure:1902: test -z 
			 || test ! -s conftest.err
configure:1905: $? = 0
configure:1908: test -s conftest.o
configure:1911: $? = 0
configure:1924: result: yes
configure:1930: checking whether gcc accepts -g
configure:1951: gcc -c -g  conftest.c >&5
configure:1957: $? = 0
configure:1961: test -z 
			 || test ! -s conftest.err
configure:1964: $? = 0
configure:1967: test -s conftest.o
configure:1970: $? = 0
configure:1981: result: yes
configure:1998: checking for gcc option to accept ANSI C
configure:2068: gcc  -c -g -O2  conftest.c >&5
configure:2074: $? = 0
configure:2078: test -z 
			 || test ! -s conftest.err
configure:2081: $? = 0
configure:2084: test -s conftest.o
configure:2087: $? = 0
configure:2105: result: none needed
configure:2123: gcc -c -g -O2  conftest.c >&5
conftest.c:2: error: expected '=', ',', ';', 'asm' or '__attribute__' before 'me'
configure:2129: $? = 1
configure: failed program was:
| #ifndef __cplusplus
|   choke me
| #endif
configure:2267: checking for flex
configure:2283: found /usr/bin/flex
configure:2293: result: flex
configure:2306: checking for yywrap in -lfl
configure:2336: gcc -o conftest -g -O2   conftest.c -lfl   >&5
configure:2342: $? = 0
configure:2346: test -z 
			 || test ! -s conftest.err
configure:2349: $? = 0
configure:2352: test -s conftest
configure:2355: $? = 0
configure:2368: result: yes
configure:2446: checking lex output file root
configure:2457: flex conftest.l
configure:2460: $? = 0
configure:2472: result: lex.yy
configure:2477: checking whether yytext is a pointer
configure:2493: gcc -o conftest -g -O2   conftest.c  -lfl >&5
configure:2499: $? = 0
configure:2503: test -z 
			 || test ! -s conftest.err
configure:2506: $? = 0
configure:2509: test -s conftest
configure:2512: $? = 0
configure:2526: result: yes
configure:2543: checking for yacc
configure:2559: found /usr/bin/yacc
configure:2569: result: yacc
configure:2627: checking for gcc
configure:2653: result: gcc
configure:2901: checking for C compiler version
configure:2904: gcc --version </dev/null >&5
gcc (SUSE Linux) 4.3.1 20080507 (prerelease) [gcc-4_3-branch revision 135036]
Copyright (C) 2008 Free Software Foundation, Inc.
This is free software; see the source for copying conditions.  There is NO
warranty; not even for MERCHANTABILITY or FITNESS FOR A PARTICULAR PURPOSE.

configure:2907: $? = 0
configure:2909: gcc -v </dev/null >&5
Using built-in specs.
Target: i586-suse-linux
Configured with: ../configure --prefix=/usr --with-local-prefix=/usr/local --infodir=/usr/share/info --mandir=/usr/share/man --libdir=/usr/lib --libexecdir=/usr/lib --enable-languages=c,c++,objc,fortran,obj-c++,java,ada --enable-checking=release --with-gxx-include-dir=/usr/include/c++/4.3 --enable-ssp --disable-libssp --with-bugurl=http://bugs.opensuse.org/ --with-pkgversion='SUSE Linux' --disable-libgcj --with-slibdir=/lib --with-system-zlib --enable-__cxa_atexit --enable-libstdcxx-allocator=new --disable-libstdcxx-pch --program-suffix=-4.3 --enable-version-specific-runtime-libs --enable-linux-futex --without-system-libunwind --with-cpu=generic --build=i586-suse-linux
Thread model: posix
gcc version 4.3.1 20080507 (prerelease) [gcc-4_3-branch revision 135036] (SUSE Linux) 
configure:2912: $? = 0
configure:2914: gcc -V </dev/null >&5
gcc: '-V' option must have argument
configure:2917: $? = 1
configure:2920: checking whether we are using the GNU C compiler
configure:2976: result: yes
configure:2982: checking whether gcc accepts -g
configure:3033: result: yes
configure:3050: checking for gcc option to accept ANSI C
configure:3157: result: none needed
configure:3175: gcc -c -g -O2  conftest.c >&5
conftest.c:2: error: expected '=', ',', ';', 'asm' or '__attribute__' before 'me'
configure:3181: $? = 1
configure: failed program was:
| #ifndef __cplusplus
|   choke me
| #endif
configure:3352: checking for a BSD-compatible install
configure:3407: result: /usr/bin/install -c
configure:3425: checking how to run the C preprocessor
configure:3460: gcc -E  conftest.c
configure:3466: $? = 0
configure:3498: gcc -E  conftest.c
conftest.c:10:28: error: ac_nonexistent.h: No such file or directory
configure:3504: $? = 1
configure: failed program was:
| /* confdefs.h.  */
| 
| #define PACKAGE_NAME ""
| #define PACKAGE_TARNAME ""
| #define PACKAGE_VERSION ""
| #define PACKAGE_STRING ""
| #define PACKAGE_BUGREPORT ""
| #define YYTEXT_POINTER 1
| /* end confdefs.h.  */
| #include <ac_nonexistent.h>
configure:3543: result: gcc -E
configure:3567: gcc -E  conftest.c
configure:3573: $? = 0
configure:3605: gcc -E  conftest.c
conftest.c:10:28: error: ac_nonexistent.h: No such file or directory
configure:3611: $? = 1
configure: failed program was:
| /* confdefs.h.  */
| 
| #define PACKAGE_NAME ""
| #define PACKAGE_TARNAME ""
| #define PACKAGE_VERSION ""
| #define PACKAGE_STRING ""
| #define PACKAGE_BUGREPORT ""
| #define YYTEXT_POINTER 1
| /* end confdefs.h.  */
| #include <ac_nonexistent.h>
configure:3655: checking for egrep
configure:3665: result: grep -E
configure:3670: checking for ANSI C header files
configure:3695: gcc -c -g -O2  conftest.c >&5
configure:3701: $? = 0
configure:3705: test -z 
			 || test ! -s conftest.err
configure:3708: $? = 0
configure:3711: test -s conftest.o
configure:3714: $? = 0
configure:3803: gcc -o conftest -g -O2   conftest.c  >&5
conftest.c: In function 'main':
conftest.c:27: warning: incompatible implicit declaration of built-in function 'exit'
configure:3806: $? = 0
configure:3808: ./conftest
configure:3811: $? = 0
configure:3826: result: yes
configure:3850: checking for sys/types.h
configure:3866: gcc -c -g -O2  conftest.c >&5
configure:3872: $? = 0
configure:3876: test -z 
			 || test ! -s conftest.err
configure:3879: $? = 0
configure:3882: test -s conftest.o
configure:3885: $? = 0
configure:3896: result: yes
configure:3850: checking for sys/stat.h
configure:3866: gcc -c -g -O2  conftest.c >&5
configure:3872: $? = 0
configure:3876: test -z 
			 || test ! -s conftest.err
configure:3879: $? = 0
configure:3882: test -s conftest.o
configure:3885: $? = 0
configure:3896: result: yes
configure:3850: checking for stdlib.h
configure:3866: gcc -c -g -O2  conftest.c >&5
configure:3872: $? = 0
configure:3876: test -z 
			 || test ! -s conftest.err
configure:3879: $? = 0
configure:3882: test -s conftest.o
configure:3885: $? = 0
configure:3896: result: yes
configure:3850: checking for string.h
configure:3866: gcc -c -g -O2  conftest.c >&5
configure:3872: $? = 0
configure:3876: test -z 
			 || test ! -s conftest.err
configure:3879: $? = 0
configure:3882: test -s conftest.o
configure:3885: $? = 0
configure:3896: result: yes
configure:3850: checking for memory.h
configure:3866: gcc -c -g -O2  conftest.c >&5
configure:3872: $? = 0
configure:3876: test -z 
			 || test ! -s conftest.err
configure:3879: $? = 0
configure:3882: test -s conftest.o
configure:3885: $? = 0
configure:3896: result: yes
configure:3850: checking for strings.h
configure:3866: gcc -c -g -O2  conftest.c >&5
configure:3872: $? = 0
configure:3876: test -z 
			 || test ! -s conftest.err
configure:3879: $? = 0
configure:3882: test -s conftest.o
configure:3885: $? = 0
configure:3896: result: yes
configure:3850: checking for inttypes.h
configure:3866: gcc -c -g -O2  conftest.c >&5
configure:3872: $? = 0
configure:3876: test -z 
			 || test ! -s conftest.err
configure:3879: $? = 0
configure:3882: test -s conftest.o
configure:3885: $? = 0
configure:3896: result: yes
configure:3850: checking for stdint.h
configure:3866: gcc -c -g -O2  conftest.c >&5
configure:3872: $? = 0
configure:3876: test -z 
			 || test ! -s conftest.err
configure:3879: $? = 0
configure:3882: test -s conftest.o
configure:3885: $? = 0
configure:3896: result: yes
configure:3850: checking for unistd.h
configure:3866: gcc -c -g -O2  conftest.c >&5
configure:3872: $? = 0
configure:3876: test -z 
			 || test ! -s conftest.err
configure:3879: $? = 0
configure:3882: test -s conftest.o
configure:3885: $? = 0
configure:3896: result: yes
configure:3924: checking sys/time.h usability
configure:3936: gcc -c -g -O2  conftest.c >&5
configure:3942: $? = 0
configure:3946: test -z 
			 || test ! -s conftest.err
configure:3949: $? = 0
configure:3952: test -s conftest.o
configure:3955: $? = 0
configure:3965: result: yes
configure:3969: checking sys/time.h presence
configure:3979: gcc -E  conftest.c
configure:3985: $? = 0
configure:4005: result: yes
configure:4040: checking for sys/time.h
configure:4047: result: yes
configure:3924: checking termios.h usability
configure:3936: gcc -c -g -O2  conftest.c >&5
configure:3942: $? = 0
configure:3946: test -z 
			 || test ! -s conftest.err
configure:3949: $? = 0
configure:3952: test -s conftest.o
configure:3955: $? = 0
configure:3965: result: yes
configure:3969: checking termios.h presence
configure:3979: gcc -E  conftest.c
configure:3985: $? = 0
configure:4005: result: yes
configure:4040: checking for termios.h
configure:4047: result: yes
configure:3915: checking for unistd.h
configure:3920: result: yes
configure:4061: checking for an ANSI C-conforming const
configure:4128: gcc -c -g -O2  conftest.c >&5
configure:4134: $? = 0
configure:4138: test -z 
			 || test ! -s conftest.err
configure:4141: $? = 0
configure:4144: test -s conftest.o
configure:4147: $? = 0
configure:4158: result: yes
configure:4168: checking for size_t
configure:4192: gcc -c -g -O2  conftest.c >&5
configure:4198: $? = 0
configure:4202: test -z 
			 || test ! -s conftest.err
configure:4205: $? = 0
configure:4208: test -s conftest.o
configure:4211: $? = 0
configure:4222: result: yes
configure:4234: checking whether time.h and sys/time.h may both be included
configure:4259: gcc -c -g -O2  conftest.c >&5
configure:4265: $? = 0
configure:4269: test -z 
			 || test ! -s conftest.err
configure:4272: $? = 0
configure:4275: test -s conftest.o
configure:4278: $? = 0
configure:4289: result: yes
configure:4301: checking whether gcc needs -traditional
configure:4343: result: no
configure:4350: checking return type of signal handlers
configure:4381: gcc -c -g -O2  conftest.c >&5
configure:4387: $? = 0
configure:4391: test -z 
			 || test ! -s conftest.err
configure:4394: $? = 0
configure:4397: test -s conftest.o
configure:4400: $? = 0
configure:4411: result: void
configure:4425: checking for gettimeofday
configure:4482: gcc -o conftest -g -O2   conftest.c  >&5
configure:4488: $? = 0
configure:4492: test -z 
			 || test ! -s conftest.err
configure:4495: $? = 0
configure:4498: test -s conftest
configure:4501: $? = 0
configure:4513: result: yes
configure:4425: checking for select
configure:4482: gcc -o conftest -g -O2   conftest.c  >&5
configure:4488: $? = 0
configure:4492: test -z 
			 || test ! -s conftest.err
configure:4495: $? = 0
configure:4498: test -s conftest
configure:4501: $? = 0
configure:4513: result: yes
configure:4425: checking for socket
configure:4482: gcc -o conftest -g -O2   conftest.c  >&5
configure:4488: $? = 0
configure:4492: test -z 
			 || test ! -s conftest.err
configure:4495: $? = 0
configure:4498: test -s conftest
configure:4501: $? = 0
configure:4513: result: yes
configure:4651: creating ./config.status

## ---------------------- ##
## Running config.status. ##
## ---------------------- ##

This file was extended by config.status, which was
generated by GNU Autoconf 2.59.  Invocation command line was

  CONFIG_FILES    = 
  CONFIG_HEADERS  = 
  CONFIG_LINKS    = 
  CONFIG_COMMANDS = 
  $ ./config.status 

on lars

config.status:646: creating Makefile

## ---------------- ##
## Cache variables. ##
## ---------------- ##

ac_cv_c_compiler_gnu=yes
ac_cv_c_const=yes
ac_cv_env_CC_set=
ac_cv_env_CC_value=
ac_cv_env_CFLAGS_set=
ac_cv_env_CFLAGS_value=
ac_cv_env_CPPFLAGS_set=
ac_cv_env_CPPFLAGS_value=
ac_cv_env_CPP_set=
ac_cv_env_CPP_value=
ac_cv_env_LDFLAGS_set=
ac_cv_env_LDFLAGS_value=
ac_cv_env_build_alias_set=
ac_cv_env_build_alias_value=
ac_cv_env_host_alias_set=
ac_cv_env_host_alias_value=
ac_cv_env_target_alias_set=
ac_cv_env_target_alias_value=
ac_cv_exeext=
ac_cv_func_gettimeofday=yes
ac_cv_func_select=yes
ac_cv_func_socket=yes
ac_cv_header_inttypes_h=yes
ac_cv_header_memory_h=yes
ac_cv_header_stdc=yes
ac_cv_header_stdint_h=yes
ac_cv_header_stdlib_h=yes
ac_cv_header_string_h=yes
ac_cv_header_strings_h=yes
ac_cv_header_sys_stat_h=yes
ac_cv_header_sys_time_h=yes
ac_cv_header_sys_types_h=yes
ac_cv_header_termios_h=yes
ac_cv_header_time=yes
ac_cv_header_unistd_h=yes
ac_cv_lib_fl_yywrap=yes
ac_cv_objext=o
ac_cv_path_install='/usr/bin/install -c'
ac_cv_prog_AWK=gawk
ac_cv_prog_CPP='gcc -E'
ac_cv_prog_LEX=flex
ac_cv_prog_YACC=yacc
ac_cv_prog_ac_ct_CC=gcc
ac_cv_prog_cc_g=yes
ac_cv_prog_cc_stdc=
ac_cv_prog_egrep='grep -E'
ac_cv_prog_gcc_traditional=no
ac_cv_prog_lex_root=lex.yy
ac_cv_prog_lex_yytext_pointer=yes
ac_cv_type_signal=void
ac_cv_type_size_t=yes

## ----------------- ##
## Output variables. ##
## ----------------- ##

AWK='gawk'
CC='gcc'
CFLAGS='-g -O2'
CPP='gcc -E'
CPPFLAGS=''
DEFS='-DPACKAGE_NAME=\"\" -DPACKAGE_TARNAME=\"\" -DPACKAGE_VERSION=\"\" -DPACKAGE_STRING=\"\" -DPACKAGE_BUGREPORT=\"\" -DYYTEXT_POINTER=1 -DSTDC_HEADERS=1 -DHAVE_SYS_TYPES_H=1 -DHAVE_SYS_STAT_H=1 -DHAVE_STDLIB_H=1 -DHAVE_STRING_H=1 -DHAVE_MEMORY_H=1 -DHAVE_STRINGS_H=1 -DHAVE_INTTYPES_H=1 -DHAVE_STDINT_H=1 -DHAVE_UNISTD_H=1 -DHAVE_SYS_TIME_H=1 -DHAVE_TERMIOS_H=1 -DHAVE_UNISTD_H=1 -DTIME_WITH_SYS_TIME=1 -DRETSIGTYPE=void -DHAVE_GETTIMEOFDAY=1 -DHAVE_SELECT=1 -DHAVE_SOCKET=1 '
ECHO_C=''
ECHO_N='-n'
ECHO_T=''
EGREP='grep -E'
EXEEXT=''
INSTALL_DATA='${INSTALL} -m 644'
INSTALL_PROGRAM='${INSTALL}'
INSTALL_SCRIPT='${INSTALL}'
LDFLAGS=''
LEX='flex'
LEXLIB='-lfl'
LEX_OUTPUT_ROOT='lex.yy'
LIBOBJS=''
LIBS=''
LTLIBOBJS=''
OBJEXT='o'
PACKAGE_BUGREPORT=''
PACKAGE_NAME=''
PACKAGE_STRING=''
PACKAGE_TARNAME=''
PACKAGE_VERSION=''
PATH_SEPARATOR=':'
SHELL='/bin/sh'
YACC='yacc'
ac_ct_CC='gcc'
bindir='${exec_prefix}/bin'
build_alias=''
datadir='${prefix}/share'
exec_prefix='${prefix}'
host_alias=''
includedir='${prefix}/include'
infodir='${prefix}/info'
libdir='${exec_prefix}/lib'
libexecdir='${exec_prefix}/libexec'
localstatedir='${prefix}/var'
mandir='${prefix}/man'
oldincludedir='/usr/include'
prefix='/usr/local'
program_transform_name='s,x,x,'
sbindir='${exec_prefix}/sbin'
sharedstatedir='${prefix}/com'
sysconfdir='${prefix}/etc'
target_alias=''

## ----------- ##
## confdefs.h. ##
## ----------- ##

#define HAVE_GETTIMEOFDAY 1
#define HAVE_INTTYPES_H 1
#define HAVE_MEMORY_H 1
#define HAVE_SELECT 1
#define HAVE_SOCKET 1
#define HAVE_STDINT_H 1
#define HAVE_STDLIB_H 1
#define HAVE_STRINGS_H 1
#define HAVE_STRING_H 1
#define HAVE_SYS_STAT_H 1
#define HAVE_SYS_TIME_H 1
#define HAVE_SYS_TYPES_H 1
#define HAVE_TERMIOS_H 1
#define HAVE_UNISTD_H 1
#define HAVE_UNISTD_H 1
#define PACKAGE_BUGREPORT ""
#define PACKAGE_NAME ""
#define PACKAGE_STRING ""
#define PACKAGE_TARNAME ""
#define PACKAGE_VERSION ""
#define RETSIGTYPE void
#define STDC_HEADERS 1
#define TIME_WITH_SYS_TIME 1
#define YYTEXT_POINTER 1

configure: exit 0
